<?xml version="1.0" encoding="UTF-8"?>
<testsuite xmlns:xsi="http://www.w3.org/2001/XMLSchema-instance" xsi:noNamespaceSchemaLocation="https://maven.apache.org/surefire/maven-surefire-plugin/xsd/surefire-test-report-3.0.xsd" version="3.0" name="com.example.beaver_bargains.ProductServiceImplTest" time="0.587" tests="3" errors="0" skipped="0" failures="0">
  <properties>
    <property name="java.specification.version" value="22"/>
    <property name="sun.jnu.encoding" value="UTF-8"/>
    <property name="java.class.path" value="/Users/muhammad/Desktop/Beaver-Bargains/backend/target/test-classes:/Users/muhammad/Desktop/Beaver-Bargains/backend/target/classes:/Users/muhammad/.m2/repository/org/springframework/boot/spring-boot-starter-data-jpa/3.2.7/spring-boot-starter-data-jpa-3.2.7.jar:/Users/muhammad/.m2/repository/org/springframework/boot/spring-boot-starter-aop/3.2.7/spring-boot-starter-aop-3.2.7.jar:/Users/muhammad/.m2/repository/org/aspectj/aspectjweaver/1.9.22/aspectjweaver-1.9.22.jar:/Users/muhammad/.m2/repository/org/springframework/boot/spring-boot-starter-jdbc/3.2.7/spring-boot-starter-jdbc-3.2.7.jar:/Users/muhammad/.m2/repository/com/zaxxer/HikariCP/5.0.1/HikariCP-5.0.1.jar:/Users/muhammad/.m2/repository/org/springframework/spring-jdbc/6.1.10/spring-jdbc-6.1.10.jar:/Users/muhammad/.m2/repository/org/hibernate/orm/hibernate-core/6.4.9.Final/hibernate-core-6.4.9.Final.jar:/Users/muhammad/.m2/repository/jakarta/persistence/jakarta.persistence-api/3.1.0/jakarta.persistence-api-3.1.0.jar:/Users/muhammad/.m2/repository/jakarta/transaction/jakarta.transaction-api/2.0.1/jakarta.transaction-api-2.0.1.jar:/Users/muhammad/.m2/repository/org/jboss/logging/jboss-logging/3.5.3.Final/jboss-logging-3.5.3.Final.jar:/Users/muhammad/.m2/repository/org/hibernate/common/hibernate-commons-annotations/6.0.6.Final/hibernate-commons-annotations-6.0.6.Final.jar:/Users/muhammad/.m2/repository/io/smallrye/jandex/3.1.2/jandex-3.1.2.jar:/Users/muhammad/.m2/repository/com/fasterxml/classmate/1.6.0/classmate-1.6.0.jar:/Users/muhammad/.m2/repository/net/bytebuddy/byte-buddy/1.14.17/byte-buddy-1.14.17.jar:/Users/muhammad/.m2/repository/org/glassfish/jaxb/jaxb-runtime/4.0.5/jaxb-runtime-4.0.5.jar:/Users/muhammad/.m2/repository/org/glassfish/jaxb/jaxb-core/4.0.5/jaxb-core-4.0.5.jar:/Users/muhammad/.m2/repository/org/eclipse/angus/angus-activation/2.0.2/angus-activation-2.0.2.jar:/Users/muhammad/.m2/repository/org/glassfish/jaxb/txw2/4.0.5/txw2-4.0.5.jar:/Users/muhammad/.m2/repository/com/sun/istack/istack-commons-runtime/4.1.2/istack-commons-runtime-4.1.2.jar:/Users/muhammad/.m2/repository/jakarta/inject/jakarta.inject-api/2.0.1/jakarta.inject-api-2.0.1.jar:/Users/muhammad/.m2/repository/org/antlr/antlr4-runtime/4.13.0/antlr4-runtime-4.13.0.jar:/Users/muhammad/.m2/repository/org/springframework/data/spring-data-jpa/3.2.7/spring-data-jpa-3.2.7.jar:/Users/muhammad/.m2/repository/org/springframework/data/spring-data-commons/3.2.7/spring-data-commons-3.2.7.jar:/Users/muhammad/.m2/repository/org/springframework/spring-orm/6.1.10/spring-orm-6.1.10.jar:/Users/muhammad/.m2/repository/org/springframework/spring-context/6.1.10/spring-context-6.1.10.jar:/Users/muhammad/.m2/repository/org/springframework/spring-tx/6.1.10/spring-tx-6.1.10.jar:/Users/muhammad/.m2/repository/jakarta/annotation/jakarta.annotation-api/2.1.1/jakarta.annotation-api-2.1.1.jar:/Users/muhammad/.m2/repository/org/slf4j/slf4j-api/2.0.13/slf4j-api-2.0.13.jar:/Users/muhammad/.m2/repository/org/springframework/spring-aspects/6.1.10/spring-aspects-6.1.10.jar:/Users/muhammad/.m2/repository/org/springframework/boot/spring-boot-starter-security/3.2.7/spring-boot-starter-security-3.2.7.jar:/Users/muhammad/.m2/repository/org/springframework/boot/spring-boot-starter/3.2.7/spring-boot-starter-3.2.7.jar:/Users/muhammad/.m2/repository/org/springframework/boot/spring-boot/3.2.7/spring-boot-3.2.7.jar:/Users/muhammad/.m2/repository/org/springframework/boot/spring-boot-autoconfigure/3.2.7/spring-boot-autoconfigure-3.2.7.jar:/Users/muhammad/.m2/repository/org/springframework/boot/spring-boot-starter-logging/3.2.7/spring-boot-starter-logging-3.2.7.jar:/Users/muhammad/.m2/repository/ch/qos/logback/logback-classic/1.4.14/logback-classic-1.4.14.jar:/Users/muhammad/.m2/repository/ch/qos/logback/logback-core/1.4.14/logback-core-1.4.14.jar:/Users/muhammad/.m2/repository/org/apache/logging/log4j/log4j-to-slf4j/2.21.1/log4j-to-slf4j-2.21.1.jar:/Users/muhammad/.m2/repository/org/apache/logging/log4j/log4j-api/2.21.1/log4j-api-2.21.1.jar:/Users/muhammad/.m2/repository/org/slf4j/jul-to-slf4j/2.0.13/jul-to-slf4j-2.0.13.jar:/Users/muhammad/.m2/repository/org/yaml/snakeyaml/2.2/snakeyaml-2.2.jar:/Users/muhammad/.m2/repository/org/springframework/spring-aop/6.1.10/spring-aop-6.1.10.jar:/Users/muhammad/.m2/repository/org/springframework/security/spring-security-config/6.2.5/spring-security-config-6.2.5.jar:/Users/muhammad/.m2/repository/org/springframework/security/spring-security-web/6.2.5/spring-security-web-6.2.5.jar:/Users/muhammad/.m2/repository/org/springframework/spring-expression/6.1.10/spring-expression-6.1.10.jar:/Users/muhammad/.m2/repository/org/springframework/boot/spring-boot-starter-web/3.2.7/spring-boot-starter-web-3.2.7.jar:/Users/muhammad/.m2/repository/org/springframework/boot/spring-boot-starter-json/3.2.7/spring-boot-starter-json-3.2.7.jar:/Users/muhammad/.m2/repository/com/fasterxml/jackson/datatype/jackson-datatype-jdk8/2.15.4/jackson-datatype-jdk8-2.15.4.jar:/Users/muhammad/.m2/repository/com/fasterxml/jackson/datatype/jackson-datatype-jsr310/2.15.4/jackson-datatype-jsr310-2.15.4.jar:/Users/muhammad/.m2/repository/com/fasterxml/jackson/module/jackson-module-parameter-names/2.15.4/jackson-module-parameter-names-2.15.4.jar:/Users/muhammad/.m2/repository/org/springframework/boot/spring-boot-starter-tomcat/3.2.7/spring-boot-starter-tomcat-3.2.7.jar:/Users/muhammad/.m2/repository/org/apache/tomcat/embed/tomcat-embed-core/10.1.25/tomcat-embed-core-10.1.25.jar:/Users/muhammad/.m2/repository/org/apache/tomcat/embed/tomcat-embed-el/10.1.25/tomcat-embed-el-10.1.25.jar:/Users/muhammad/.m2/repository/org/apache/tomcat/embed/tomcat-embed-websocket/10.1.25/tomcat-embed-websocket-10.1.25.jar:/Users/muhammad/.m2/repository/org/springframework/spring-web/6.1.10/spring-web-6.1.10.jar:/Users/muhammad/.m2/repository/io/micrometer/micrometer-observation/1.12.7/micrometer-observation-1.12.7.jar:/Users/muhammad/.m2/repository/io/micrometer/micrometer-commons/1.12.7/micrometer-commons-1.12.7.jar:/Users/muhammad/.m2/repository/org/springframework/spring-webmvc/6.1.10/spring-webmvc-6.1.10.jar:/Users/muhammad/.m2/repository/org/springframework/boot/spring-boot-starter-test/3.2.7/spring-boot-starter-test-3.2.7.jar:/Users/muhammad/.m2/repository/org/springframework/boot/spring-boot-test/3.2.7/spring-boot-test-3.2.7.jar:/Users/muhammad/.m2/repository/org/springframework/boot/spring-boot-test-autoconfigure/3.2.7/spring-boot-test-autoconfigure-3.2.7.jar:/Users/muhammad/.m2/repository/com/jayway/jsonpath/json-path/2.9.0/json-path-2.9.0.jar:/Users/muhammad/.m2/repository/jakarta/xml/bind/jakarta.xml.bind-api/4.0.2/jakarta.xml.bind-api-4.0.2.jar:/Users/muhammad/.m2/repository/jakarta/activation/jakarta.activation-api/2.1.3/jakarta.activation-api-2.1.3.jar:/Users/muhammad/.m2/repository/net/minidev/json-smart/2.5.1/json-smart-2.5.1.jar:/Users/muhammad/.m2/repository/net/minidev/accessors-smart/2.5.1/accessors-smart-2.5.1.jar:/Users/muhammad/.m2/repository/org/ow2/asm/asm/9.6/asm-9.6.jar:/Users/muhammad/.m2/repository/org/assertj/assertj-core/3.24.2/assertj-core-3.24.2.jar:/Users/muhammad/.m2/repository/org/awaitility/awaitility/4.2.1/awaitility-4.2.1.jar:/Users/muhammad/.m2/repository/org/hamcrest/hamcrest/2.2/hamcrest-2.2.jar:/Users/muhammad/.m2/repository/org/junit/jupiter/junit-jupiter/5.10.2/junit-jupiter-5.10.2.jar:/Users/muhammad/.m2/repository/org/junit/jupiter/junit-jupiter-api/5.10.2/junit-jupiter-api-5.10.2.jar:/Users/muhammad/.m2/repository/org/opentest4j/opentest4j/1.3.0/opentest4j-1.3.0.jar:/Users/muhammad/.m2/repository/org/junit/platform/junit-platform-commons/1.10.2/junit-platform-commons-1.10.2.jar:/Users/muhammad/.m2/repository/org/apiguardian/apiguardian-api/1.1.2/apiguardian-api-1.1.2.jar:/Users/muhammad/.m2/repository/org/junit/jupiter/junit-jupiter-params/5.10.2/junit-jupiter-params-5.10.2.jar:/Users/muhammad/.m2/repository/org/junit/jupiter/junit-jupiter-engine/5.10.2/junit-jupiter-engine-5.10.2.jar:/Users/muhammad/.m2/repository/org/junit/platform/junit-platform-engine/1.10.2/junit-platform-engine-1.10.2.jar:/Users/muhammad/.m2/repository/org/mockito/mockito-core/5.7.0/mockito-core-5.7.0.jar:/Users/muhammad/.m2/repository/net/bytebuddy/byte-buddy-agent/1.14.17/byte-buddy-agent-1.14.17.jar:/Users/muhammad/.m2/repository/org/objenesis/objenesis/3.3/objenesis-3.3.jar:/Users/muhammad/.m2/repository/org/mockito/mockito-junit-jupiter/5.7.0/mockito-junit-jupiter-5.7.0.jar:/Users/muhammad/.m2/repository/org/skyscreamer/jsonassert/1.5.1/jsonassert-1.5.1.jar:/Users/muhammad/.m2/repository/com/vaadin/external/google/android-json/0.0.20131108.vaadin1/android-json-0.0.20131108.vaadin1.jar:/Users/muhammad/.m2/repository/org/springframework/spring-core/6.1.10/spring-core-6.1.10.jar:/Users/muhammad/.m2/repository/org/springframework/spring-jcl/6.1.10/spring-jcl-6.1.10.jar:/Users/muhammad/.m2/repository/org/springframework/spring-test/6.1.10/spring-test-6.1.10.jar:/Users/muhammad/.m2/repository/org/xmlunit/xmlunit-core/2.9.1/xmlunit-core-2.9.1.jar:/Users/muhammad/.m2/repository/org/postgresql/postgresql/42.7.3/postgresql-42.7.3.jar:/Users/muhammad/.m2/repository/org/checkerframework/checker-qual/3.42.0/checker-qual-3.42.0.jar:/Users/muhammad/.m2/repository/org/springframework/spring-webflux/6.1.10/spring-webflux-6.1.10.jar:/Users/muhammad/.m2/repository/org/springframework/spring-beans/6.1.10/spring-beans-6.1.10.jar:/Users/muhammad/.m2/repository/io/projectreactor/reactor-core/3.6.7/reactor-core-3.6.7.jar:/Users/muhammad/.m2/repository/org/reactivestreams/reactive-streams/1.0.4/reactive-streams-1.0.4.jar:/Users/muhammad/.m2/repository/org/springframework/security/spring-security-test/6.2.5/spring-security-test-6.2.5.jar:/Users/muhammad/.m2/repository/org/springframework/security/spring-security-core/6.2.5/spring-security-core-6.2.5.jar:/Users/muhammad/.m2/repository/org/springframework/security/spring-security-crypto/6.2.5/spring-security-crypto-6.2.5.jar:/Users/muhammad/.m2/repository/org/modelmapper/modelmapper/3.1.1/modelmapper-3.1.1.jar:/Users/muhammad/.m2/repository/org/projectlombok/lombok/1.18.34/lombok-1.18.34.jar:/Users/muhammad/.m2/repository/io/jsonwebtoken/jjwt-api/0.11.5/jjwt-api-0.11.5.jar:/Users/muhammad/.m2/repository/io/jsonwebtoken/jjwt-impl/0.11.5/jjwt-impl-0.11.5.jar:/Users/muhammad/.m2/repository/io/jsonwebtoken/jjwt-jackson/0.11.5/jjwt-jackson-0.11.5.jar:/Users/muhammad/.m2/repository/com/fasterxml/jackson/core/jackson-databind/2.15.4/jackson-databind-2.15.4.jar:/Users/muhammad/.m2/repository/com/fasterxml/jackson/core/jackson-annotations/2.15.4/jackson-annotations-2.15.4.jar:/Users/muhammad/.m2/repository/com/fasterxml/jackson/core/jackson-core/2.15.4/jackson-core-2.15.4.jar:"/>
    <property name="java.vm.vendor" value="Homebrew"/>
    <property name="sun.arch.data.model" value="64"/>
    <property name="java.vendor.url" value="https://github.com/Homebrew/homebrew-core/issues"/>
    <property name="user.timezone" value="America/New_York"/>
    <property name="os.name" value="Mac OS X"/>
    <property name="java.vm.specification.version" value="22"/>
    <property name="sun.java.launcher" value="SUN_STANDARD"/>
    <property name="user.country" value="US"/>
    <property name="sun.boot.library.path" value="/opt/homebrew/Cellar/openjdk/22.0.1/libexec/openjdk.jdk/Contents/Home/lib"/>
    <property name="sun.java.command" value="/Users/muhammad/Desktop/Beaver-Bargains/backend/target/surefire/surefirebooter-20240721210503690_3.jar /Users/muhammad/Desktop/Beaver-Bargains/backend/target/surefire 2024-07-21T21-05-03_654-jvmRun1 surefire-20240721210503690_1tmp surefire_0-20240721210503690_2tmp"/>
    <property name="http.nonProxyHosts" value="local|*.local|169.254/16|*.169.254/16"/>
    <property name="jdk.debug" value="release"/>
    <property name="surefire.test.class.path" value="/Users/muhammad/Desktop/Beaver-Bargains/backend/target/test-classes:/Users/muhammad/Desktop/Beaver-Bargains/backend/target/classes:/Users/muhammad/.m2/repository/org/springframework/boot/spring-boot-starter-data-jpa/3.2.7/spring-boot-starter-data-jpa-3.2.7.jar:/Users/muhammad/.m2/repository/org/springframework/boot/spring-boot-starter-aop/3.2.7/spring-boot-starter-aop-3.2.7.jar:/Users/muhammad/.m2/repository/org/aspectj/aspectjweaver/1.9.22/aspectjweaver-1.9.22.jar:/Users/muhammad/.m2/repository/org/springframework/boot/spring-boot-starter-jdbc/3.2.7/spring-boot-starter-jdbc-3.2.7.jar:/Users/muhammad/.m2/repository/com/zaxxer/HikariCP/5.0.1/HikariCP-5.0.1.jar:/Users/muhammad/.m2/repository/org/springframework/spring-jdbc/6.1.10/spring-jdbc-6.1.10.jar:/Users/muhammad/.m2/repository/org/hibernate/orm/hibernate-core/6.4.9.Final/hibernate-core-6.4.9.Final.jar:/Users/muhammad/.m2/repository/jakarta/persistence/jakarta.persistence-api/3.1.0/jakarta.persistence-api-3.1.0.jar:/Users/muhammad/.m2/repository/jakarta/transaction/jakarta.transaction-api/2.0.1/jakarta.transaction-api-2.0.1.jar:/Users/muhammad/.m2/repository/org/jboss/logging/jboss-logging/3.5.3.Final/jboss-logging-3.5.3.Final.jar:/Users/muhammad/.m2/repository/org/hibernate/common/hibernate-commons-annotations/6.0.6.Final/hibernate-commons-annotations-6.0.6.Final.jar:/Users/muhammad/.m2/repository/io/smallrye/jandex/3.1.2/jandex-3.1.2.jar:/Users/muhammad/.m2/repository/com/fasterxml/classmate/1.6.0/classmate-1.6.0.jar:/Users/muhammad/.m2/repository/net/bytebuddy/byte-buddy/1.14.17/byte-buddy-1.14.17.jar:/Users/muhammad/.m2/repository/org/glassfish/jaxb/jaxb-runtime/4.0.5/jaxb-runtime-4.0.5.jar:/Users/muhammad/.m2/repository/org/glassfish/jaxb/jaxb-core/4.0.5/jaxb-core-4.0.5.jar:/Users/muhammad/.m2/repository/org/eclipse/angus/angus-activation/2.0.2/angus-activation-2.0.2.jar:/Users/muhammad/.m2/repository/org/glassfish/jaxb/txw2/4.0.5/txw2-4.0.5.jar:/Users/muhammad/.m2/repository/com/sun/istack/istack-commons-runtime/4.1.2/istack-commons-runtime-4.1.2.jar:/Users/muhammad/.m2/repository/jakarta/inject/jakarta.inject-api/2.0.1/jakarta.inject-api-2.0.1.jar:/Users/muhammad/.m2/repository/org/antlr/antlr4-runtime/4.13.0/antlr4-runtime-4.13.0.jar:/Users/muhammad/.m2/repository/org/springframework/data/spring-data-jpa/3.2.7/spring-data-jpa-3.2.7.jar:/Users/muhammad/.m2/repository/org/springframework/data/spring-data-commons/3.2.7/spring-data-commons-3.2.7.jar:/Users/muhammad/.m2/repository/org/springframework/spring-orm/6.1.10/spring-orm-6.1.10.jar:/Users/muhammad/.m2/repository/org/springframework/spring-context/6.1.10/spring-context-6.1.10.jar:/Users/muhammad/.m2/repository/org/springframework/spring-tx/6.1.10/spring-tx-6.1.10.jar:/Users/muhammad/.m2/repository/jakarta/annotation/jakarta.annotation-api/2.1.1/jakarta.annotation-api-2.1.1.jar:/Users/muhammad/.m2/repository/org/slf4j/slf4j-api/2.0.13/slf4j-api-2.0.13.jar:/Users/muhammad/.m2/repository/org/springframework/spring-aspects/6.1.10/spring-aspects-6.1.10.jar:/Users/muhammad/.m2/repository/org/springframework/boot/spring-boot-starter-security/3.2.7/spring-boot-starter-security-3.2.7.jar:/Users/muhammad/.m2/repository/org/springframework/boot/spring-boot-starter/3.2.7/spring-boot-starter-3.2.7.jar:/Users/muhammad/.m2/repository/org/springframework/boot/spring-boot/3.2.7/spring-boot-3.2.7.jar:/Users/muhammad/.m2/repository/org/springframework/boot/spring-boot-autoconfigure/3.2.7/spring-boot-autoconfigure-3.2.7.jar:/Users/muhammad/.m2/repository/org/springframework/boot/spring-boot-starter-logging/3.2.7/spring-boot-starter-logging-3.2.7.jar:/Users/muhammad/.m2/repository/ch/qos/logback/logback-classic/1.4.14/logback-classic-1.4.14.jar:/Users/muhammad/.m2/repository/ch/qos/logback/logback-core/1.4.14/logback-core-1.4.14.jar:/Users/muhammad/.m2/repository/org/apache/logging/log4j/log4j-to-slf4j/2.21.1/log4j-to-slf4j-2.21.1.jar:/Users/muhammad/.m2/repository/org/apache/logging/log4j/log4j-api/2.21.1/log4j-api-2.21.1.jar:/Users/muhammad/.m2/repository/org/slf4j/jul-to-slf4j/2.0.13/jul-to-slf4j-2.0.13.jar:/Users/muhammad/.m2/repository/org/yaml/snakeyaml/2.2/snakeyaml-2.2.jar:/Users/muhammad/.m2/repository/org/springframework/spring-aop/6.1.10/spring-aop-6.1.10.jar:/Users/muhammad/.m2/repository/org/springframework/security/spring-security-config/6.2.5/spring-security-config-6.2.5.jar:/Users/muhammad/.m2/repository/org/springframework/security/spring-security-web/6.2.5/spring-security-web-6.2.5.jar:/Users/muhammad/.m2/repository/org/springframework/spring-expression/6.1.10/spring-expression-6.1.10.jar:/Users/muhammad/.m2/repository/org/springframework/boot/spring-boot-starter-web/3.2.7/spring-boot-starter-web-3.2.7.jar:/Users/muhammad/.m2/repository/org/springframework/boot/spring-boot-starter-json/3.2.7/spring-boot-starter-json-3.2.7.jar:/Users/muhammad/.m2/repository/com/fasterxml/jackson/datatype/jackson-datatype-jdk8/2.15.4/jackson-datatype-jdk8-2.15.4.jar:/Users/muhammad/.m2/repository/com/fasterxml/jackson/datatype/jackson-datatype-jsr310/2.15.4/jackson-datatype-jsr310-2.15.4.jar:/Users/muhammad/.m2/repository/com/fasterxml/jackson/module/jackson-module-parameter-names/2.15.4/jackson-module-parameter-names-2.15.4.jar:/Users/muhammad/.m2/repository/org/springframework/boot/spring-boot-starter-tomcat/3.2.7/spring-boot-starter-tomcat-3.2.7.jar:/Users/muhammad/.m2/repository/org/apache/tomcat/embed/tomcat-embed-core/10.1.25/tomcat-embed-core-10.1.25.jar:/Users/muhammad/.m2/repository/org/apache/tomcat/embed/tomcat-embed-el/10.1.25/tomcat-embed-el-10.1.25.jar:/Users/muhammad/.m2/repository/org/apache/tomcat/embed/tomcat-embed-websocket/10.1.25/tomcat-embed-websocket-10.1.25.jar:/Users/muhammad/.m2/repository/org/springframework/spring-web/6.1.10/spring-web-6.1.10.jar:/Users/muhammad/.m2/repository/io/micrometer/micrometer-observation/1.12.7/micrometer-observation-1.12.7.jar:/Users/muhammad/.m2/repository/io/micrometer/micrometer-commons/1.12.7/micrometer-commons-1.12.7.jar:/Users/muhammad/.m2/repository/org/springframework/spring-webmvc/6.1.10/spring-webmvc-6.1.10.jar:/Users/muhammad/.m2/repository/org/springframework/boot/spring-boot-starter-test/3.2.7/spring-boot-starter-test-3.2.7.jar:/Users/muhammad/.m2/repository/org/springframework/boot/spring-boot-test/3.2.7/spring-boot-test-3.2.7.jar:/Users/muhammad/.m2/repository/org/springframework/boot/spring-boot-test-autoconfigure/3.2.7/spring-boot-test-autoconfigure-3.2.7.jar:/Users/muhammad/.m2/repository/com/jayway/jsonpath/json-path/2.9.0/json-path-2.9.0.jar:/Users/muhammad/.m2/repository/jakarta/xml/bind/jakarta.xml.bind-api/4.0.2/jakarta.xml.bind-api-4.0.2.jar:/Users/muhammad/.m2/repository/jakarta/activation/jakarta.activation-api/2.1.3/jakarta.activation-api-2.1.3.jar:/Users/muhammad/.m2/repository/net/minidev/json-smart/2.5.1/json-smart-2.5.1.jar:/Users/muhammad/.m2/repository/net/minidev/accessors-smart/2.5.1/accessors-smart-2.5.1.jar:/Users/muhammad/.m2/repository/org/ow2/asm/asm/9.6/asm-9.6.jar:/Users/muhammad/.m2/repository/org/assertj/assertj-core/3.24.2/assertj-core-3.24.2.jar:/Users/muhammad/.m2/repository/org/awaitility/awaitility/4.2.1/awaitility-4.2.1.jar:/Users/muhammad/.m2/repository/org/hamcrest/hamcrest/2.2/hamcrest-2.2.jar:/Users/muhammad/.m2/repository/org/junit/jupiter/junit-jupiter/5.10.2/junit-jupiter-5.10.2.jar:/Users/muhammad/.m2/repository/org/junit/jupiter/junit-jupiter-api/5.10.2/junit-jupiter-api-5.10.2.jar:/Users/muhammad/.m2/repository/org/opentest4j/opentest4j/1.3.0/opentest4j-1.3.0.jar:/Users/muhammad/.m2/repository/org/junit/platform/junit-platform-commons/1.10.2/junit-platform-commons-1.10.2.jar:/Users/muhammad/.m2/repository/org/apiguardian/apiguardian-api/1.1.2/apiguardian-api-1.1.2.jar:/Users/muhammad/.m2/repository/org/junit/jupiter/junit-jupiter-params/5.10.2/junit-jupiter-params-5.10.2.jar:/Users/muhammad/.m2/repository/org/junit/jupiter/junit-jupiter-engine/5.10.2/junit-jupiter-engine-5.10.2.jar:/Users/muhammad/.m2/repository/org/junit/platform/junit-platform-engine/1.10.2/junit-platform-engine-1.10.2.jar:/Users/muhammad/.m2/repository/org/mockito/mockito-core/5.7.0/mockito-core-5.7.0.jar:/Users/muhammad/.m2/repository/net/bytebuddy/byte-buddy-agent/1.14.17/byte-buddy-agent-1.14.17.jar:/Users/muhammad/.m2/repository/org/objenesis/objenesis/3.3/objenesis-3.3.jar:/Users/muhammad/.m2/repository/org/mockito/mockito-junit-jupiter/5.7.0/mockito-junit-jupiter-5.7.0.jar:/Users/muhammad/.m2/repository/org/skyscreamer/jsonassert/1.5.1/jsonassert-1.5.1.jar:/Users/muhammad/.m2/repository/com/vaadin/external/google/android-json/0.0.20131108.vaadin1/android-json-0.0.20131108.vaadin1.jar:/Users/muhammad/.m2/repository/org/springframework/spring-core/6.1.10/spring-core-6.1.10.jar:/Users/muhammad/.m2/repository/org/springframework/spring-jcl/6.1.10/spring-jcl-6.1.10.jar:/Users/muhammad/.m2/repository/org/springframework/spring-test/6.1.10/spring-test-6.1.10.jar:/Users/muhammad/.m2/repository/org/xmlunit/xmlunit-core/2.9.1/xmlunit-core-2.9.1.jar:/Users/muhammad/.m2/repository/org/postgresql/postgresql/42.7.3/postgresql-42.7.3.jar:/Users/muhammad/.m2/repository/org/checkerframework/checker-qual/3.42.0/checker-qual-3.42.0.jar:/Users/muhammad/.m2/repository/org/springframework/spring-webflux/6.1.10/spring-webflux-6.1.10.jar:/Users/muhammad/.m2/repository/org/springframework/spring-beans/6.1.10/spring-beans-6.1.10.jar:/Users/muhammad/.m2/repository/io/projectreactor/reactor-core/3.6.7/reactor-core-3.6.7.jar:/Users/muhammad/.m2/repository/org/reactivestreams/reactive-streams/1.0.4/reactive-streams-1.0.4.jar:/Users/muhammad/.m2/repository/org/springframework/security/spring-security-test/6.2.5/spring-security-test-6.2.5.jar:/Users/muhammad/.m2/repository/org/springframework/security/spring-security-core/6.2.5/spring-security-core-6.2.5.jar:/Users/muhammad/.m2/repository/org/springframework/security/spring-security-crypto/6.2.5/spring-security-crypto-6.2.5.jar:/Users/muhammad/.m2/repository/org/modelmapper/modelmapper/3.1.1/modelmapper-3.1.1.jar:/Users/muhammad/.m2/repository/org/projectlombok/lombok/1.18.34/lombok-1.18.34.jar:/Users/muhammad/.m2/repository/io/jsonwebtoken/jjwt-api/0.11.5/jjwt-api-0.11.5.jar:/Users/muhammad/.m2/repository/io/jsonwebtoken/jjwt-impl/0.11.5/jjwt-impl-0.11.5.jar:/Users/muhammad/.m2/repository/io/jsonwebtoken/jjwt-jackson/0.11.5/jjwt-jackson-0.11.5.jar:/Users/muhammad/.m2/repository/com/fasterxml/jackson/core/jackson-databind/2.15.4/jackson-databind-2.15.4.jar:/Users/muhammad/.m2/repository/com/fasterxml/jackson/core/jackson-annotations/2.15.4/jackson-annotations-2.15.4.jar:/Users/muhammad/.m2/repository/com/fasterxml/jackson/core/jackson-core/2.15.4/jackson-core-2.15.4.jar:"/>
    <property name="sun.cpu.endian" value="little"/>
    <property name="user.home" value="/Users/muhammad"/>
    <property name="user.language" value="en"/>
    <property name="java.specification.vendor" value="Oracle Corporation"/>
    <property name="java.version.date" value="2024-04-16"/>
    <property name="java.home" value="/opt/homebrew/Cellar/openjdk/22.0.1/libexec/openjdk.jdk/Contents/Home"/>
    <property name="file.separator" value="/"/>
    <property name="basedir" value="/Users/muhammad/Desktop/Beaver-Bargains/backend"/>
    <property name="java.vm.compressedOopsMode" value="Zero based"/>
    <property name="line.separator" value="&#10;"/>
    <property name="java.vm.specification.vendor" value="Oracle Corporation"/>
    <property name="java.specification.name" value="Java Platform API Specification"/>
    <property name="apple.awt.application.name" value="ForkedBooter"/>
    <property name="surefire.real.class.path" value="/Users/muhammad/Desktop/Beaver-Bargains/backend/target/surefire/surefirebooter-20240721210503690_3.jar"/>
    <property name="sun.management.compiler" value="HotSpot 64-Bit Tiered Compilers"/>
    <property name="ftp.nonProxyHosts" value="local|*.local|169.254/16|*.169.254/16"/>
    <property name="java.runtime.version" value="22.0.1"/>
    <property name="user.name" value="muhammad"/>
    <property name="stdout.encoding" value="UTF-8"/>
    <property name="path.separator" value=":"/>
    <property name="os.version" value="14.5"/>
    <property name="java.runtime.name" value="OpenJDK Runtime Environment"/>
    <property name="file.encoding" value="UTF-8"/>
    <property name="java.vm.name" value="OpenJDK 64-Bit Server VM"/>
    <property name="java.vendor.version" value="Homebrew"/>
    <property name="localRepository" value="/Users/muhammad/.m2/repository"/>
    <property name="java.vendor.url.bug" value="https://github.com/Homebrew/homebrew-core/issues"/>
    <property name="java.io.tmpdir" value="/var/folders/y_/yjnf07hj0z7b144prp9s5x5h0000gn/T/"/>
    <property name="java.version" value="22.0.1"/>
    <property name="user.dir" value="/Users/muhammad/Desktop/Beaver-Bargains/backend"/>
    <property name="os.arch" value="aarch64"/>
    <property name="java.vm.specification.name" value="Java Virtual Machine Specification"/>
    <property name="native.encoding" value="UTF-8"/>
    <property name="java.library.path" value="/Users/muhammad/Library/Java/Extensions:/Library/Java/Extensions:/Network/Library/Java/Extensions:/System/Library/Java/Extensions:/usr/lib/java:."/>
    <property name="java.vm.info" value="mixed mode, sharing"/>
    <property name="stderr.encoding" value="UTF-8"/>
    <property name="java.vendor" value="Homebrew"/>
    <property name="java.vm.version" value="22.0.1"/>
    <property name="sun.io.unicode.encoding" value="UnicodeBig"/>
    <property name="socksNonProxyHosts" value="local|*.local|169.254/16|*.169.254/16"/>
    <property name="java.class.version" value="66.0"/>
  </properties>
  <testcase name="testGetProductById_Success" classname="com.example.beaver_bargains.ProductServiceImplTest" time="0.564">
    <system-err><![CDATA[WARNING: A Java agent has been loaded dynamically (/Users/muhammad/.m2/repository/net/bytebuddy/byte-buddy-agent/1.14.17/byte-buddy-agent-1.14.17.jar)
WARNING: If a serviceability tool is in use, please run with -XX:+EnableDynamicAgentLoading to hide this warning
WARNING: If a serviceability tool is not in use, please run with -Djdk.instrument.traceUsage for more information
WARNING: Dynamic loading of agents will be disallowed by default in a future release
]]></system-err>
  </testcase>
  <testcase name="testCreateProduct" classname="com.example.beaver_bargains.ProductServiceImplTest" time="0.005"/>
  <testcase name="testGetProductById_Fail" classname="com.example.beaver_bargains.ProductServiceImplTest" time="0.004"/>
</testsuite>